#
# A fatal error has been detected by the Java Runtime Environment:
#
#  Internal Error (javaCalls.cpp:51), pid=2504, tid=1536
#  guarantee(thread->is_Java_thread()) failed: crucial check - the VM thread cannot and must not escape to Java code
#
# JRE version: Java(TM) SE Runtime Environment (8.0_77-b03) (build 1.8.0_77-b03)
# Java VM: Java HotSpot(TM) 64-Bit Server VM (25.77-b03 mixed mode windows-amd64 compressed oops)
# Failed to write core dump. Minidumps are not enabled by default on client versions of Windows
#
# If you would like to submit a bug report, please visit:
#   http://bugreport.java.com/bugreport/crash.jsp
#

---------------  T H R E A D  ---------------

Current thread (0x00000000150c7000):  VMThread [stack: 0x0000000016160000,0x0000000016260000] [id=1536]

Stack: [0x0000000016160000,0x0000000016260000]
[error occurred during error reporting (printing stack bounds), id 0xc0000005]

Native frames: (J=compiled Java code, j=interpreted, Vv=VM code, C=native code)

VM_Operation (0x0000000016b8f600): GetOrSetLocal, mode: safepoint, requested by thread 0x0000000015106000


---------------  P R O C E S S  ---------------

Java Threads: ( => current thread )
  0x0000000017161800 JavaThread "ReaderThread" [_thread_in_native, id=4228, stack(0x0000000017690000,0x0000000017790000)]
  0x00000000170e0800 JavaThread "Service Thread" daemon [_thread_blocked, id=7436, stack(0x0000000017490000,0x0000000017590000)]
  0x000000001512b800 JavaThread "C1 CompilerThread2" daemon [_thread_blocked, id=4844, stack(0x0000000016f90000,0x0000000017090000)]
  0x000000001512a000 JavaThread "C2 CompilerThread1" daemon [_thread_blocked, id=2688, stack(0x0000000016e90000,0x0000000016f90000)]
  0x0000000015122800 JavaThread "C2 CompilerThread0" daemon [_thread_blocked, id=10648, stack(0x0000000016d90000,0x0000000016e90000)]
  0x0000000015117800 JavaThread "JDWP Command Reader" daemon [_thread_in_native, id=8516, stack(0x0000000016c90000,0x0000000016d90000)]
  0x0000000015115000 JavaThread "JDWP Event Helper Thread" daemon [_thread_blocked, id=4520, stack(0x0000000016b90000,0x0000000016c90000)]
  0x0000000015106000 JavaThread "JDWP Transport Listener: dt_socket" daemon [_thread_blocked, id=992, stack(0x0000000016a90000,0x0000000016b90000)]
  0x00000000150fb800 JavaThread "Attach Listener" daemon [_thread_blocked, id=8520, stack(0x0000000016650000,0x0000000016750000)]
  0x00000000150fa800 JavaThread "Signal Dispatcher" daemon [_thread_blocked, id=5064, stack(0x0000000016550000,0x0000000016650000)]
  0x0000000002b0a800 JavaThread "Finalizer" daemon [_thread_blocked, id=1008, stack(0x0000000016360000,0x0000000016460000)]
  0x0000000002b01800 JavaThread "Reference Handler" daemon [_thread_blocked, id=10732, stack(0x0000000016260000,0x0000000016360000)]
  0x000000000281d800 JavaThread "main" [_thread_blocked, id=7388, stack(0x0000000002910000,0x0000000002a10000)]

Other Threads:
=>0x00000000150c7000 VMThread [stack: 0x0000000016160000,0x0000000016260000] [id=1536]
  0x00000000170e4000 WatcherThread [stack: 0x0000000017590000,0x0000000017690000] [id=7400]

VM state:at safepoint (normal execution)

VM Mutex/Monitor currently owned by a thread:  ([mutex/lock_event])
[0x000000000281d320] Threads_lock - owner thread: 0x00000000150c7000

Heap:
 PSYoungGen      total 18944K, used 4280K [0x00000000eb300000, 0x00000000ec800000, 0x0000000100000000)
  eden space 16384K, 26% used [0x00000000eb300000,0x00000000eb72e148,0x00000000ec300000)
  from space 2560K, 0% used [0x00000000ec580000,0x00000000ec580000,0x00000000ec800000)
  to   space 2560K, 0% used [0x00000000ec300000,0x00000000ec300000,0x00000000ec580000)
 ParOldGen       total 44032K, used 0K [0x00000000c1800000, 0x00000000c4300000, 0x00000000eb300000)
  object space 44032K, 0% used [0x00000000c1800000,0x00000000c1800000,0x00000000c4300000)
 Metaspace       used 4549K, capacity 5114K, committed 5248K, reserved 1056768K
  class space    used 537K, capacity 561K, committed 640K, reserved 1048576K

Card table byte_map: [0x0000000011ed0000,0x00000000120d0000] byte_map_base: 0x00000000118c4000

Marking Bits: (ParMarkBitMap*) 0x000000006ce30600
 Begin Bits: [0x0000000012620000, 0x00000000135c0000)
 End Bits:   [0x00000000135c0000, 0x0000000014560000)

Polling page: 0x0000000000f80000

CodeCache: size=245760Kb used=1513Kb max_used=1513Kb free=244246Kb
 bounds [0x0000000002b10000, 0x0000000002d80000, 0x0000000011b10000]
 total_blobs=467 nmethods=200 adapters=188
 compilation: enabled

Compilation events (10 events):
Event: 0.466 Thread 0x000000001512b800  196       3       java.lang.ref.Finalizer::register (10 bytes)
Event: 0.467 Thread 0x000000001512b800 nmethod 196 0x0000000002c88e10 code [0x0000000002c88fa0, 0x0000000002c893c8]
Event: 0.467 Thread 0x000000001512b800  197       3       java.lang.ref.Finalizer::<init> (23 bytes)
Event: 0.467 Thread 0x000000001512b800 nmethod 197 0x0000000002c89590 code [0x0000000002c89720, 0x0000000002c89aa8]
Event: 0.468 Thread 0x000000001512b800  198       3       java.io.InputStream::<init> (5 bytes)
Event: 0.468 Thread 0x000000001512b800 nmethod 198 0x0000000002c89c10 code [0x0000000002c89d80, 0x0000000002c89f30]
Event: 0.468 Thread 0x000000001512b800  199  s!   3       java.net.URLStreamHandler::getHostAddress (54 bytes)
Event: 0.469 Thread 0x000000001512b800 nmethod 199 0x0000000002c8a010 code [0x0000000002c8a1c0, 0x0000000002c8a998]
Event: 0.470 Thread 0x000000001512b800  200   !   3       java.lang.ref.ReferenceQueue::poll (28 bytes)
Event: 0.470 Thread 0x000000001512b800 nmethod 200 0x0000000002c8ad10 code [0x0000000002c8ae80, 0x0000000002c8b208]

GC Heap History (0 events):
No events

Deoptimization events (0 events):
No events

Internal exceptions (2 events):
Event: 0.051 Thread 0x000000000281d800 Exception <a 'java/lang/NoSuchMethodError': Method sun.misc.Unsafe.defineClass(Ljava/lang/String;[BII)Ljava/lang/Class; name or signature does not match> (0x00000000eb307cc0) thrown at [D:\re\workspace\8-2-build-windows-amd64-cygwin\jdk8u77\6540\hotspot\sr^Q…ˆ7)ª?
Event: 0.051 Thread 0x000000000281d800 Exception <a 'java/lang/NoSuchMethodError': Method sun.misc.Unsafe.prefetchRead(Ljava/lang/Object;J)V name or signature does not match> (0x00000000eb307fa8) thrown at [D:\re\workspace\8-2-build-windows-amd64-cygwin\jdk8u77\6540\hotspot\src\share\vm\prims\j

Events (10 events):
Event: 167.797 Executing VM operation: ChangeBreakpoints done
Event: 167.802 Executing VM operation: EnterInterpOnlyMode
Event: 167.803 Executing VM operation: EnterInterpOnlyMode done
Event: 167.803 Executing VM operation: GetCurrentLocation
Event: 167.803 Executing VM operation: GetCurrentLocation done
Event: 167.803 Executing VM operation: ChangeSingleStep
Event: 167.803 Executing VM operation: ChangeSingleStep done
Event: 167.803 Executing VM operation: ChangeSingleStep
Event: 167.803 Executing VM operation: ChangeSingleStep done
Event: 167.909 Executing VM operation: GetOrSetLocal


Dynamic libraries:
0x00007ff76d1a0000 - 0x00007ff76d1d7000 	C:\Program Files\Java\jre1.8.0_77\bin\javaw.exe
0x00007ffc712d0000 - 0x00007ffc714ab000 	C:\WINDOWS\SYSTEM32\ntdll.dll
0x00007ffc70a30000 - 0x00007ffc70ade000 	C:\WINDOWS\System32\KERNEL32.DLL
0x00007ffc6da90000 - 0x00007ffc6dcd9000 	C:\WINDOWS\System32\KERNELBASE.dll
0x00007ffc70560000 - 0x00007ffc70601000 	C:\WINDOWS\System32\ADVAPI32.dll
0x00007ffc70c70000 - 0x00007ffc70d0d000 	C:\WINDOWS\System32\msvcrt.dll
0x00007ffc70d10000 - 0x00007ffc70d69000 	C:\WINDOWS\System32\sechost.dll
0x00007ffc70ae0000 - 0x00007ffc70c05000 	C:\WINDOWS\System32\RPCRT4.dll
0x00007ffc708e0000 - 0x00007ffc70a2a000 	C:\WINDOWS\System32\USER32.dll
0x00007ffc6dce0000 - 0x00007ffc6dcfe000 	C:\WINDOWS\System32\win32u.dll
0x00007ffc6ed40000 - 0x00007ffc6ed67000 	C:\WINDOWS\System32\GDI32.dll
0x00007ffc6d860000 - 0x00007ffc6d9e8000 	C:\WINDOWS\System32\gdi32full.dll
0x00007ffc6d9f0000 - 0x00007ffc6da8a000 	C:\WINDOWS\System32\msvcp_win.dll
0x00007ffc6df20000 - 0x00007ffc6e016000 	C:\WINDOWS\System32\ucrtbase.dll
0x00007ffc67800000 - 0x00007ffc67a67000 	C:\WINDOWS\WinSxS\amd64_microsoft.windows.common-controls_6595b64144ccf1df_6.0.15063.483_none_26002d27e7c744a2\COMCTL32.dll
0x00007ffc70250000 - 0x00007ffc70549000 	C:\WINDOWS\System32\combase.dll
0x00007ffc6d7f0000 - 0x00007ffc6d85a000 	C:\WINDOWS\System32\bcryptPrimitives.dll
0x00007ffc708b0000 - 0x00007ffc708dd000 	C:\WINDOWS\System32\IMM32.DLL
0x000000006cf00000 - 0x000000006cfd2000 	C:\Program Files\Java\jre1.8.0_77\bin\msvcr100.dll
0x000000006c620000 - 0x000000006ceb0000 	C:\Program Files\Java\jre1.8.0_77\bin\server\jvm.dll
0x00007ffc712c0000 - 0x00007ffc712c8000 	C:\WINDOWS\System32\PSAPI.DLL
0x00007ffc69a50000 - 0x00007ffc69a59000 	C:\WINDOWS\SYSTEM32\WSOCK32.dll
0x00007ffc6ecd0000 - 0x00007ffc6ed3c000 	C:\WINDOWS\System32\WS2_32.dll
0x00007ffc6bc30000 - 0x00007ffc6bc53000 	C:\WINDOWS\SYSTEM32\WINMM.dll
0x00007ffc68af0000 - 0x00007ffc68afa000 	C:\WINDOWS\SYSTEM32\VERSION.dll
0x00007ffc6bbd0000 - 0x00007ffc6bbfb000 	C:\WINDOWS\SYSTEM32\winmmbase.dll
0x00007ffc6ded0000 - 0x00007ffc6df19000 	C:\WINDOWS\System32\cfgmgr32.dll
0x000000006c610000 - 0x000000006c61f000 	C:\Program Files\Java\jre1.8.0_77\bin\verify.dll
0x000000006c5e0000 - 0x000000006c609000 	C:\Program Files\Java\jre1.8.0_77\bin\java.dll
0x000000006c490000 - 0x000000006c4c5000 	C:\Program Files\Java\jre1.8.0_77\bin\jdwp.dll
0x000000006c480000 - 0x000000006c488000 	C:\Program Files\Java\jre1.8.0_77\bin\npt.dll
0x000000006c5c0000 - 0x000000006c5d6000 	C:\Program Files\Java\jre1.8.0_77\bin\zip.dll
0x00007ffc6ee10000 - 0x00007ffc70247000 	C:\WINDOWS\System32\SHELL32.dll
0x00007ffc70d70000 - 0x00007ffc70e1a000 	C:\WINDOWS\System32\shcore.dll
0x00007ffc6e0d0000 - 0x00007ffc6e7c3000 	C:\WINDOWS\System32\windows.storage.dll
0x00007ffc70c10000 - 0x00007ffc70c61000 	C:\WINDOWS\System32\shlwapi.dll
0x00007ffc6d7d0000 - 0x00007ffc6d7e1000 	C:\WINDOWS\System32\kernel.appcore.dll
0x00007ffc6d760000 - 0x00007ffc6d7ac000 	C:\WINDOWS\System32\powrprof.dll
0x00007ffc6d7b0000 - 0x00007ffc6d7c5000 	C:\WINDOWS\System32\profapi.dll
0x000000006c470000 - 0x000000006c479000 	C:\Program Files\Java\jre1.8.0_77\bin\dt_socket.dll
0x00007ffc6a200000 - 0x00007ffc6a216000 	C:\WINDOWS\system32\napinsp.dll
0x00007ffc681b0000 - 0x00007ffc681ca000 	C:\WINDOWS\system32\pnrpnsp.dll
0x00007ffc6a5b0000 - 0x00007ffc6a5c8000 	C:\WINDOWS\system32\NLAapi.dll
0x00007ffc6d050000 - 0x00007ffc6d0ac000 	C:\WINDOWS\System32\mswsock.dll
0x00007ffc6ce30000 - 0x00007ffc6ced4000 	C:\WINDOWS\SYSTEM32\DNSAPI.dll
0x00007ffc70550000 - 0x00007ffc70558000 	C:\WINDOWS\System32\NSI.dll
0x00007ffc6cdf0000 - 0x00007ffc6ce27000 	C:\WINDOWS\SYSTEM32\IPHLPAPI.DLL
0x00007ffc681a0000 - 0x00007ffc681ae000 	C:\WINDOWS\System32\winrnr.dll
0x00007ffc61500000 - 0x00007ffc6156b000 	C:\WINDOWS\System32\fwpuclnt.dll
0x00007ffc6d300000 - 0x00007ffc6d325000 	C:\WINDOWS\SYSTEM32\bcrypt.dll
0x00007ffc5b3c0000 - 0x00007ffc5b3ca000 	C:\Windows\System32\rasadhlp.dll
0x000000006c5a0000 - 0x000000006c5ba000 	C:\Program Files\Java\jre1.8.0_77\bin\net.dll

VM Arguments:
jvm_args: -agentlib:jdwp=transport=dt_socket,suspend=y,address=localhost:51579 -Dfile.encoding=Cp1252 
java_command: org.eclipse.jdt.internal.junit.runner.RemoteTestRunner -version 3 -port 51578 -testLoaderClass org.eclipse.jdt.internal.junit4.runner.JUnit4TestLoader -loaderpluginname org.eclipse.jdt.junit4.runtime -classNames cop5556fa17.ScannerTest
java_class_path (initial): C:\Users\Jagan\workspace\COP5556fa17\bin;C:\Users\Jagan\Documents\PLP\hamcrest-core-1.3.jar;C:\Users\Jagan\Documents\PLP\junit-4.12.jar;/C:/Users/Jagan/.eclipse/org.eclipse.platform_4.5.0_1709980481_win32_win32_x86_64/configuration/org.eclipse.osgi/382/0/.cp/;/C:/Users/Jagan/.eclipse/org.eclipse.platform_4.5.0_1709980481_win32_win32_x86_64/configuration/org.eclipse.osgi/381/0/.cp/
Launcher Type: SUN_STANDARD

Environment Variables:
JAVA_HOME=C:\Program Files\Java\jdk1.8.0_11
PATH=C:\ProgramData\Oracle\Java\javapath;C:\WINDOWS\system32;C:\WINDOWS;C:\WINDOWS\System32\Wbem;C:\WINDOWS\System32\WindowsPowerShell\v1.0\;C:\Program Files (x86)\Skype\Phone\;C:\Program Files\erl9.0\bin;C:\Program Files (x86)\Elixir\bin;C:\WINDOWS\system32\config\systemprofile\.mix\escripts;C:\Users\Jagan\Anaconda3;C:\Users\Jagan\Anaconda3\Scripts;C:\Users\Jagan\Anaconda3\Library\bin;C:\Users\Jagan\AppData\Local\Microsoft\WindowsApps;;C:\Program Files\Microsoft VS Code\bin
USERNAME=Jagan
OS=Windows_NT
PROCESSOR_IDENTIFIER=Intel64 Family 6 Model 69 Stepping 1, GenuineIntel



---------------  S Y S T E M  ---------------

OS: Windows 10.0 , 64 bit Build 15063 (10.0.15063.296)

CPU:total 4 (2 cores per cpu, 2 threads per core) family 6 model 69 stepping 1, cmov, cx8, fxsr, mmx, sse, sse2, sse3, ssse3, sse4.1, sse4.2, popcnt, avx, avx2, aes, clmul, erms, lzcnt, ht, tsc, tscinvbit, bmi1, bmi2

Memory: 4k page, physical 4095980k(1031464k free), swap 10911724k(5644084k free)

vm_info: Java HotSpot(TM) 64-Bit Server VM (25.77-b03) for windows-amd64 JRE (1.8.0_77-b03), built on Mar 20 2016 22:01:33 by "java_re" with MS VC++ 10.0 (VS2010)

time: Tue Sep 05 00:41:32 2017
elapsed time: 167 seconds (0d 0h 2m 47s)

